<?xml version="1.0" encoding="UTF-8"?>
<testng-results skipped="0" failed="0" ignored="0" total="6" passed="6">
  <reporter-output>
  </reporter-output>
  <suite name="Suite" duration-ms="33143" started-at="2019-02-08T09:41:57Z" finished-at="2019-02-08T09:42:30Z">
    <groups>
    </groups>
    <test name="Test1Chrome" duration-ms="20971" started-at="2019-02-08T09:41:57Z" finished-at="2019-02-08T09:42:18Z">
      <class name="Day2.TestLoginDemoWebShop">
        <test-method status="PASS" signature="beforeTest(java.lang.String)[pri:0, instance:Day2.TestLoginDemoWebShop@5e5792a0]" name="beforeTest" is-config="true" duration-ms="8918" started-at="2019-02-08T09:41:57Z" finished-at="2019-02-08T09:42:06Z">
          <params>
            <param index="0">
              <value>
                <![CDATA[chrome]]>
              </value>
            </param>
          </params>
          <reporter-output>
          </reporter-output>
        </test-method> <!-- beforeTest -->
        <test-method status="PASS" signature="testDemoWebShopLogin(java.lang.String, java.lang.String)[pri:0, instance:Day2.TestLoginDemoWebShop@5e5792a0]" name="testDemoWebShopLogin" duration-ms="5313" started-at="2019-02-08T09:42:06Z" data-provider="dp1" finished-at="2019-02-08T09:42:11Z">
          <params>
            <param index="0">
              <value>
                <![CDATA[SunnyJose@gmail.com]]>
              </value>
            </param>
            <param index="1">
              <value>
                <![CDATA[TestDemo1]]>
              </value>
            </param>
          </params>
          <reporter-output>
          </reporter-output>
        </test-method> <!-- testDemoWebShopLogin -->
        <test-method status="PASS" signature="testDemoWebShopLogin(java.lang.String, java.lang.String)[pri:0, instance:Day2.TestLoginDemoWebShop@5e5792a0]" name="testDemoWebShopLogin" duration-ms="2823" started-at="2019-02-08T09:42:11Z" data-provider="dp1" finished-at="2019-02-08T09:42:14Z">
          <params>
            <param index="0">
              <value>
                <![CDATA[arunkumar@gmail.com]]>
              </value>
            </param>
            <param index="1">
              <value>
                <![CDATA[TestDemo2]]>
              </value>
            </param>
          </params>
          <reporter-output>
          </reporter-output>
        </test-method> <!-- testDemoWebShopLogin -->
        <test-method status="PASS" signature="testDemoWebShopLogin(java.lang.String, java.lang.String)[pri:0, instance:Day2.TestLoginDemoWebShop@5e5792a0]" name="testDemoWebShopLogin" duration-ms="3095" started-at="2019-02-08T09:42:14Z" data-provider="dp1" finished-at="2019-02-08T09:42:17Z">
          <params>
            <param index="0">
              <value>
                <![CDATA[RashmiSachi@gmail.com]]>
              </value>
            </param>
            <param index="1">
              <value>
                <![CDATA[TestDemo3]]>
              </value>
            </param>
          </params>
          <reporter-output>
          </reporter-output>
        </test-method> <!-- testDemoWebShopLogin -->
        <test-method status="PASS" signature="afterclass()[pri:0, instance:Day2.TestLoginDemoWebShop@5e5792a0]" name="afterclass" is-config="true" duration-ms="412" started-at="2019-02-08T09:42:17Z" finished-at="2019-02-08T09:42:18Z">
          <reporter-output>
          </reporter-output>
        </test-method> <!-- afterclass -->
      </class> <!-- Day2.TestLoginDemoWebShop -->
    </test> <!-- Test1Chrome -->
    <test name="Test2IE" duration-ms="33143" started-at="2019-02-08T09:41:57Z" finished-at="2019-02-08T09:42:30Z">
      <class name="Day2.TestLoginDemoWebShop">
        <test-method status="PASS" signature="beforeTest(java.lang.String)[pri:0, instance:Day2.TestLoginDemoWebShop@754ba872]" name="beforeTest" is-config="true" duration-ms="8037" started-at="2019-02-08T09:41:57Z" finished-at="2019-02-08T09:42:05Z">
          <params>
            <param index="0">
              <value>
                <![CDATA[ie]]>
              </value>
            </param>
          </params>
          <reporter-output>
          </reporter-output>
        </test-method> <!-- beforeTest -->
        <test-method status="PASS" signature="testDemoWebShopLogin(java.lang.String, java.lang.String)[pri:0, instance:Day2.TestLoginDemoWebShop@754ba872]" name="testDemoWebShopLogin" duration-ms="11970" started-at="2019-02-08T09:42:06Z" data-provider="dp1" finished-at="2019-02-08T09:42:18Z">
          <params>
            <param index="0">
              <value>
                <![CDATA[SunnyJose@gmail.com]]>
              </value>
            </param>
            <param index="1">
              <value>
                <![CDATA[TestDemo1]]>
              </value>
            </param>
          </params>
          <reporter-output>
          </reporter-output>
        </test-method> <!-- testDemoWebShopLogin -->
        <test-method status="PASS" signature="testDemoWebShopLogin(java.lang.String, java.lang.String)[pri:0, instance:Day2.TestLoginDemoWebShop@754ba872]" name="testDemoWebShopLogin" duration-ms="6029" started-at="2019-02-08T09:42:18Z" data-provider="dp1" finished-at="2019-02-08T09:42:24Z">
          <params>
            <param index="0">
              <value>
                <![CDATA[arunkumar@gmail.com]]>
              </value>
            </param>
            <param index="1">
              <value>
                <![CDATA[TestDemo2]]>
              </value>
            </param>
          </params>
          <reporter-output>
          </reporter-output>
        </test-method> <!-- testDemoWebShopLogin -->
        <test-method status="PASS" signature="testDemoWebShopLogin(java.lang.String, java.lang.String)[pri:0, instance:Day2.TestLoginDemoWebShop@754ba872]" name="testDemoWebShopLogin" duration-ms="5798" started-at="2019-02-08T09:42:24Z" data-provider="dp1" finished-at="2019-02-08T09:42:30Z">
          <params>
            <param index="0">
              <value>
                <![CDATA[RashmiSachi@gmail.com]]>
              </value>
            </param>
            <param index="1">
              <value>
                <![CDATA[TestDemo3]]>
              </value>
            </param>
          </params>
          <reporter-output>
          </reporter-output>
        </test-method> <!-- testDemoWebShopLogin -->
        <test-method status="PASS" signature="afterclass()[pri:0, instance:Day2.TestLoginDemoWebShop@754ba872]" name="afterclass" is-config="true" duration-ms="18" started-at="2019-02-08T09:42:30Z" finished-at="2019-02-08T09:42:30Z">
          <reporter-output>
          </reporter-output>
        </test-method> <!-- afterclass -->
      </class> <!-- Day2.TestLoginDemoWebShop -->
    </test> <!-- Test2IE -->
  </suite> <!-- Suite -->
</testng-results>
