<?xml version="1.0" encoding="UTF-8"?>
<testng-results skipped="0" failed="0" ignored="0" total="6" passed="6">
  <reporter-output>
  </reporter-output>
  <suite name="Suite" duration-ms="49908" started-at="2019-02-11T04:45:51Z" finished-at="2019-02-11T04:46:41Z">
    <groups>
    </groups>
    <test name="Test1Chrome" duration-ms="36506" started-at="2019-02-11T04:45:51Z" finished-at="2019-02-11T04:46:28Z">
      <class name="Day2.TestLoginDemoWebShop">
        <test-method status="PASS" signature="beforeTest(java.lang.String)[pri:0, instance:Day2.TestLoginDemoWebShop@1623b78d]" name="beforeTest" is-config="true" duration-ms="24193" started-at="2019-02-11T04:45:51Z" finished-at="2019-02-11T04:46:16Z">
          <params>
            <param index="0">
              <value>
                <![CDATA[chrome]]>
              </value>
            </param>
          </params>
          <reporter-output>
          </reporter-output>
        </test-method> <!-- beforeTest -->
        <test-method status="PASS" signature="testDemoWebShopLogin(java.lang.String, java.lang.String)[pri:0, instance:Day2.TestLoginDemoWebShop@1623b78d]" name="testDemoWebShopLogin" duration-ms="5249" started-at="2019-02-11T04:46:16Z" data-provider="dp1" finished-at="2019-02-11T04:46:21Z">
          <params>
            <param index="0">
              <value>
                <![CDATA[SunnyJose@gmail.com]]>
              </value>
            </param>
            <param index="1">
              <value>
                <![CDATA[TestDemo1]]>
              </value>
            </param>
          </params>
          <reporter-output>
          </reporter-output>
        </test-method> <!-- testDemoWebShopLogin -->
        <test-method status="PASS" signature="testDemoWebShopLogin(java.lang.String, java.lang.String)[pri:0, instance:Day2.TestLoginDemoWebShop@1623b78d]" name="testDemoWebShopLogin" duration-ms="3396" started-at="2019-02-11T04:46:21Z" data-provider="dp1" finished-at="2019-02-11T04:46:24Z">
          <params>
            <param index="0">
              <value>
                <![CDATA[arunkumar@gmail.com]]>
              </value>
            </param>
            <param index="1">
              <value>
                <![CDATA[TestDemo2]]>
              </value>
            </param>
          </params>
          <reporter-output>
          </reporter-output>
        </test-method> <!-- testDemoWebShopLogin -->
        <test-method status="PASS" signature="testDemoWebShopLogin(java.lang.String, java.lang.String)[pri:0, instance:Day2.TestLoginDemoWebShop@1623b78d]" name="testDemoWebShopLogin" duration-ms="3039" started-at="2019-02-11T04:46:24Z" data-provider="dp1" finished-at="2019-02-11T04:46:27Z">
          <params>
            <param index="0">
              <value>
                <![CDATA[RashmiSachi@gmail.com]]>
              </value>
            </param>
            <param index="1">
              <value>
                <![CDATA[TestDemo3]]>
              </value>
            </param>
          </params>
          <reporter-output>
          </reporter-output>
        </test-method> <!-- testDemoWebShopLogin -->
        <test-method status="PASS" signature="afterclass()[pri:0, instance:Day2.TestLoginDemoWebShop@1623b78d]" name="afterclass" is-config="true" duration-ms="533" started-at="2019-02-11T04:46:27Z" finished-at="2019-02-11T04:46:28Z">
          <reporter-output>
          </reporter-output>
        </test-method> <!-- afterclass -->
      </class> <!-- Day2.TestLoginDemoWebShop -->
    </test> <!-- Test1Chrome -->
    <test name="Test2IE" duration-ms="49904" started-at="2019-02-11T04:45:51Z" finished-at="2019-02-11T04:46:41Z">
      <class name="Day2.TestLoginDemoWebShop">
        <test-method status="PASS" signature="beforeTest(java.lang.String)[pri:0, instance:Day2.TestLoginDemoWebShop@18078bef]" name="beforeTest" is-config="true" duration-ms="16257" started-at="2019-02-11T04:45:51Z" finished-at="2019-02-11T04:46:08Z">
          <params>
            <param index="0">
              <value>
                <![CDATA[ie]]>
              </value>
            </param>
          </params>
          <reporter-output>
          </reporter-output>
        </test-method> <!-- beforeTest -->
        <test-method status="PASS" signature="testDemoWebShopLogin(java.lang.String, java.lang.String)[pri:0, instance:Day2.TestLoginDemoWebShop@18078bef]" name="testDemoWebShopLogin" duration-ms="14192" started-at="2019-02-11T04:46:14Z" data-provider="dp1" finished-at="2019-02-11T04:46:28Z">
          <params>
            <param index="0">
              <value>
                <![CDATA[SunnyJose@gmail.com]]>
              </value>
            </param>
            <param index="1">
              <value>
                <![CDATA[TestDemo1]]>
              </value>
            </param>
          </params>
          <reporter-output>
          </reporter-output>
        </test-method> <!-- testDemoWebShopLogin -->
        <test-method status="PASS" signature="testDemoWebShopLogin(java.lang.String, java.lang.String)[pri:0, instance:Day2.TestLoginDemoWebShop@18078bef]" name="testDemoWebShopLogin" duration-ms="6528" started-at="2019-02-11T04:46:28Z" data-provider="dp1" finished-at="2019-02-11T04:46:35Z">
          <params>
            <param index="0">
              <value>
                <![CDATA[arunkumar@gmail.com]]>
              </value>
            </param>
            <param index="1">
              <value>
                <![CDATA[TestDemo2]]>
              </value>
            </param>
          </params>
          <reporter-output>
          </reporter-output>
        </test-method> <!-- testDemoWebShopLogin -->
        <test-method status="PASS" signature="testDemoWebShopLogin(java.lang.String, java.lang.String)[pri:0, instance:Day2.TestLoginDemoWebShop@18078bef]" name="testDemoWebShopLogin" duration-ms="6403" started-at="2019-02-11T04:46:35Z" data-provider="dp1" finished-at="2019-02-11T04:46:41Z">
          <params>
            <param index="0">
              <value>
                <![CDATA[RashmiSachi@gmail.com]]>
              </value>
            </param>
            <param index="1">
              <value>
                <![CDATA[TestDemo3]]>
              </value>
            </param>
          </params>
          <reporter-output>
          </reporter-output>
        </test-method> <!-- testDemoWebShopLogin -->
        <test-method status="PASS" signature="afterclass()[pri:0, instance:Day2.TestLoginDemoWebShop@18078bef]" name="afterclass" is-config="true" duration-ms="117" started-at="2019-02-11T04:46:41Z" finished-at="2019-02-11T04:46:41Z">
          <reporter-output>
          </reporter-output>
        </test-method> <!-- afterclass -->
      </class> <!-- Day2.TestLoginDemoWebShop -->
    </test> <!-- Test2IE -->
  </suite> <!-- Suite -->
</testng-results>
