<?xml version="1.0" encoding="UTF-8"?>
<!-- Generated by org.testng.reporters.JUnitXMLReporter -->
<testsuite hostname="BDC4-D-1SQ0N62" ignored="0" name="Test1Chrome" tests="3" failures="0" timestamp="11 Feb 2019 04:46:28 GMT" time="36.506" errors="0">
  <testcase name="testDemoWebShopLogin" time="5.249" classname="Day2.TestLoginDemoWebShop"/>
  <testcase name="testDemoWebShopLogin" time="3.396" classname="Day2.TestLoginDemoWebShop"/>
  <testcase name="testDemoWebShopLogin" time="3.039" classname="Day2.TestLoginDemoWebShop"/>
</testsuite> <!-- Test1Chrome -->
