<?xml version="1.0" encoding="UTF-8"?>
<!-- Generated by org.testng.reporters.JUnitXMLReporter -->
<testsuite hostname="BDC4-D-1SQ0N62" ignored="0" name="Test2IE" tests="3" failures="0" timestamp="11 Feb 2019 04:46:41 GMT" time="49.904" errors="0">
  <testcase name="testDemoWebShopLogin" time="14.192" classname="Day2.TestLoginDemoWebShop"/>
  <testcase name="testDemoWebShopLogin" time="6.528" classname="Day2.TestLoginDemoWebShop"/>
  <testcase name="testDemoWebShopLogin" time="6.403" classname="Day2.TestLoginDemoWebShop"/>
</testsuite> <!-- Test2IE -->
