<?xml version="1.0" encoding="UTF-8"?>
<!-- Generated by org.testng.reporters.JUnitXMLReporter -->
<testsuite hostname="BDC4-D-1SQ0N62" ignored="0" name="Test1Chrome" tests="3" failures="0" timestamp="08 Feb 2019 09:42:18 GMT" time="20.971" errors="0">
  <testcase name="testDemoWebShopLogin" time="5.313" classname="Day2.TestLoginDemoWebShop"/>
  <testcase name="testDemoWebShopLogin" time="2.823" classname="Day2.TestLoginDemoWebShop"/>
  <testcase name="testDemoWebShopLogin" time="3.095" classname="Day2.TestLoginDemoWebShop"/>
</testsuite> <!-- Test1Chrome -->
