<?xml version="1.0" encoding="UTF-8"?>
<!-- Generated by org.testng.reporters.JUnitXMLReporter -->
<testsuite hostname="BDC4-D-1SQ0N62" ignored="0" name="Test2IE" tests="3" failures="0" timestamp="08 Feb 2019 09:42:30 GMT" time="33.143" errors="0">
  <testcase name="testDemoWebShopLogin" time="11.97" classname="Day2.TestLoginDemoWebShop"/>
  <testcase name="testDemoWebShopLogin" time="6.029" classname="Day2.TestLoginDemoWebShop"/>
  <testcase name="testDemoWebShopLogin" time="5.798" classname="Day2.TestLoginDemoWebShop"/>
</testsuite> <!-- Test2IE -->
